\BOOKMARK [0][-]{chapter.1}{\376\377\004\043\004\064\004\070\004\100\004\102\004\063\004\060\004\073}{}% 1
\BOOKMARK [1][-]{section.1.1}{\376\377\004\041\004\103\004\064\004\060\004\073\004\063\004\060\004\060\004\075\004\113\000\040\004\257\004\075\004\064\004\115\004\101\004\073\004\115\004\073}{chapter.1}% 2
\BOOKMARK [1][-]{section.1.2}{\376\377\004\041\004\103\004\064\004\060\004\073\004\063\004\060\004\060\004\075\004\113\000\040\004\067\004\076\004\100\004\070\004\073\004\063\004\076}{chapter.1}% 3
\BOOKMARK [1][-]{section.1.3}{\376\377\004\041\004\103\004\064\004\060\004\073\004\063\004\060\004\060\004\075\004\113\000\040\004\060\004\100\004\063\004\060\000\040\004\067\004\257\004\071}{chapter.1}% 4
\BOOKMARK [0][-]{chapter.2}{\376\377\004\036\004\075\004\076\004\073\004\113\004\075\000\040\004\103\004\105\004\060\004\063\004\064\004\060\004\105\004\103\004\103\004\075}{}% 5
\BOOKMARK [1][-]{section.2.1}{\376\377\004\042\004\076\004\076\004\106\004\076\004\076\004\073\004\073\004\113\004\075\000\040\004\105\004\257\004\075\004\064\004\100\004\115\004\073\004\070\004\071\004\075\000\040\004\101\004\103\004\103\004\100\004\114\000\040\004\076\004\071\004\073\004\063\004\076\004\073\004\102\004\103\004\103\004\064}{chapter.2}% 6
\BOOKMARK [2][-]{subsection.2.1.1}{\376\377\004\044\004\076\004\100\004\074\004\060\004\073\004\114\000\040\004\105\004\115\004\073\004\070\004\071\004\075\000\040\004\101\004\103\004\103\004\100\004\114\000\040\004\103\004\105\004\060\004\063\004\064\004\060\004\105\004\103\004\103\004\075}{section.2.1}% 7
\BOOKMARK [2][-]{subsection.2.1.2}{\376\377\004\050\004\070\004\071\004\064\004\062\004\115\004\100\004\070\004\071\004\075\000\040\004\060\004\101\004\103\004\103\004\064\004\060\004\073\000\040\000\050\000D\000e\000c\000i\000s\000i\000o\000n\000\040\000P\000r\000o\000b\000l\000e\000m\000\051}{section.2.1}% 8
\BOOKMARK [2][-]{subsection.2.1.3}{\376\377\004\042\004\076\004\076\004\106\004\076\004\076\004\073\004\076\004\063\004\064\004\076\004\074\000\040\004\061\004\060\000\040\004\257\004\073\000\040\004\110\004\070\004\071\004\064\004\115\004\063\004\064\004\115\004\074\000\040\004\060\004\101\004\103\004\103\004\064\004\060\004\073}{section.2.1}% 9
\BOOKMARK [1][-]{section.2.2}{\376\377\004\042\004\076\004\076\004\106\004\076\004\076\004\073\004\073\004\113\004\075\000\040\004\105\004\257\004\075\004\064\004\100\004\115\004\073}{chapter.2}% 10
\BOOKMARK [2][-]{subsection.2.2.1}{\376\377\004\045\004\257\004\075\004\064\004\100\004\115\004\073\004\070\004\071\004\075\000\040\004\257\004\075\004\115\004\073\004\063\004\115\004\115}{section.2.2}% 11
\BOOKMARK [2][-]{subsection.2.2.2}{\376\377\004\045\004\257\004\075\004\064\004\100\004\115\004\073\004\070\004\071\004\075\000\040\004\257\004\075\004\064\004\101\004\115\004\075\000\040\004\060\004\075\004\063\004\070\004\103\004\064}{section.2.2}% 12
\BOOKMARK [2][-]{subsection.2.2.3}{\376\377\004\021\004\103\004\103\004\100\004\060\004\073\004\102\000\040\004\061\004\076\004\073\004\076\004\075\000\040\000N\000P\000-\000c\000o\000m\000p\000l\000e\000t\000e\000\040\004\061\004\060\004\071\004\064\004\060\004\073}{section.2.2}% 13
\BOOKMARK [1][-]{section.2.3}{\376\377\000T\000r\000a\000v\000e\000l\000i\000n\000g\000\040\000S\000a\000l\000e\000s\000m\000a\000n\000\040\000P\000r\000o\000b\000l\000e\000m}{chapter.2}% 14
\BOOKMARK [2][-]{subsection.2.3.1}{\376\377\000T\000S\000P\000\040\004\061\004\076\004\064\004\073\004\076\004\063\004\113\004\075\000\040\004\104\004\076\004\100\004\074\004\060\004\073\004\114\000\040\004\102\004\076\004\064\004\076\004\100\004\105\004\076\004\071\004\073\004\076\004\073\004\102}{section.2.3}% 15
\BOOKMARK [2][-]{subsection.2.3.2}{\376\377\000T\000S\000P\000\040\004\061\004\076\004\064\004\073\004\076\004\063\004\113\004\075\000\040\004\105\004\257\004\075\004\064\004\100\004\115\004\073}{section.2.3}% 16
\BOOKMARK [1][-]{section.2.4}{\376\377\004\055\004\062\004\100\004\070\004\101\004\102\004\070\004\072\000\040\004\060\004\073\004\063\004\076\004\100\004\070\004\102\004\074\004\103\004\103\004\064}{chapter.2}% 17
\BOOKMARK [2][-]{subsection.2.4.1}{\376\377\000C\000o\000n\000s\000t\000r\000u\000c\000t\000i\000v\000e\000\040\000H\000e\000u\000r\000i\000s\000t\000i\000c}{section.2.4}% 18
\BOOKMARK [2][-]{subsection.2.4.2}{\376\377\004\033\004\076\004\072\004\060\004\073\000\040\004\105\004\060\004\071\004\073\004\102}{section.2.4}% 19
\BOOKMARK [2][-]{subsection.2.4.3}{\376\377\004\034\004\065\004\102\004\060\004\115\004\062\004\100\004\070\004\101\004\102\004\070\004\072}{section.2.4}% 20
\BOOKMARK [1][-]{section.2.5}{\376\377\004\036\004\071\004\100\004\076\004\073\004\106\004\076\004\076\004\073\004\073\004\113\004\075\000\040\004\060\004\073\004\063\004\076\004\100\004\070\004\102\004\074\004\103\004\103\004\064}{chapter.2}% 21
\BOOKMARK [2][-]{subsection.2.5.1}{\376\377\000D\000o\000u\000b\000l\000e\000\040\000T\000r\000e\000e\000\040\004\060\004\073\004\063\004\076\004\100\004\070\004\102\004\074}{section.2.5}% 22
\BOOKMARK [2][-]{subsection.2.5.2}{\376\377\000C\000h\000r\000i\000s\000t\000o\000f\000i\000d\000e\000s\000\040\004\060\004\073\004\063\004\076\004\100\004\070\004\102\004\074}{section.2.5}% 23
\BOOKMARK [1][-]{section.2.6}{\376\377\004\045\004\070\004\071\004\074\004\115\004\073\000\040\004\076\004\116\004\103\004\075}{chapter.2}% 24
\BOOKMARK [2][-]{subsection.2.6.1}{\376\377\004\043\004\064\004\070\004\100\004\064\004\073\004\060\004\063\004\060\004\102\004\060\004\071\000\040\004\101\004\103\004\100\004\063\004\060\004\073\004\102}{section.2.6}% 25
\BOOKMARK [2][-]{subsection.2.6.2}{\376\377\004\043\004\064\004\070\004\100\004\064\004\073\004\060\004\063\004\060\004\063\004\257\004\071\000\040\004\101\004\103\004\100\004\063\004\060\004\073\004\102}{section.2.6}% 26
\BOOKMARK [2][-]{subsection.2.6.3}{\376\377\004\045\004\257\004\107\004\066\004\257\004\257\004\073\004\101\004\115\004\075\000\040\004\101\004\103\004\100\004\063\004\060\004\073\004\102}{section.2.6}% 27
\BOOKMARK [1][-]{section.2.7}{\376\377\004\021\004\257\004\073\004\063\004\070\004\071\004\075\000\040\004\064\004\257\004\063\004\075\004\115\004\073\004\102}{chapter.2}% 28
